{"D:\\Study\\React\\travel-arency-react\\client\\src\\components\\home\\Home.jsx": {"path":"D:\\Study\\React\\travel-arency-react\\client\\src\\components\\home\\Home.jsx","statementMap":{"0":{"start":{"line":2,"column":4},"end":{"line":20,"column":5}}},"fnMap":{"0":{"name":"Home","decl":{"start":{"line":1,"column":9},"end":{"line":1,"column":13}},"loc":{"start":{"line":1,"column":15},"end":{"line":21,"column":1}},"line":1}},"branchMap":{},"s":{"0":1},"f":{"0":1},"b":{},"_coverageSchema":"1a1c01bbd47fc00a2c39e90264f33305004495a9","hash":"8964222b86c9fefe61af7741f175acea7090c029"}
,"D:\\Study\\React\\travel-arency-react\\client\\src\\components\\login\\Login.jsx": {"path":"D:\\Study\\React\\travel-arency-react\\client\\src\\components\\login\\Login.jsx","statementMap":{"0":{"start":{"line":9,"column":22},"end":{"line":12,"column":1}},"1":{"start":{"line":20,"column":8},"end":{"line":20,"column":31}},"2":{"start":{"line":22,"column":43},"end":{"line":27,"column":6}},"3":{"start":{"line":23,"column":8},"end":{"line":23,"column":27}},"4":{"start":{"line":29,"column":28},"end":{"line":36,"column":5}},"5":{"start":{"line":30,"column":8},"end":{"line":30,"column":27}},"6":{"start":{"line":31,"column":8},"end":{"line":31,"column":41}},"7":{"start":{"line":32,"column":8},"end":{"line":35,"column":9}},"8":{"start":{"line":33,"column":12},"end":{"line":33,"column":31}},"9":{"start":{"line":34,"column":12},"end":{"line":34,"column":25}},"10":{"start":{"line":43,"column":4},"end":{"line":47,"column":16}},"11":{"start":{"line":44,"column":8},"end":{"line":46,"column":9}},"12":{"start":{"line":45,"column":12},"end":{"line":45,"column":31}},"13":{"start":{"line":49,"column":4},"end":{"line":88,"column":5}}},"fnMap":{"0":{"name":"Login","decl":{"start":{"line":14,"column":9},"end":{"line":14,"column":14}},"loc":{"start":{"line":14,"column":17},"end":{"line":89,"column":1}},"line":14},"1":{"name":"(anonymous_1)","decl":{"start":{"line":22,"column":51},"end":{"line":22,"column":52}},"loc":{"start":{"line":22,"column":58},"end":{"line":24,"column":5}},"line":22},"2":{"name":"(anonymous_2)","decl":{"start":{"line":29,"column":28},"end":{"line":29,"column":29}},"loc":{"start":{"line":29,"column":41},"end":{"line":36,"column":5}},"line":29},"3":{"name":"(anonymous_3)","decl":{"start":{"line":43,"column":14},"end":{"line":43,"column":15}},"loc":{"start":{"line":43,"column":20},"end":{"line":47,"column":5}},"line":43}},"branchMap":{"0":{"loc":{"start":{"line":32,"column":8},"end":{"line":35,"column":9}},"type":"if","locations":[{"start":{"line":32,"column":8},"end":{"line":35,"column":9}},{"start":{},"end":{}}],"line":32},"1":{"loc":{"start":{"line":44,"column":8},"end":{"line":46,"column":9}},"type":"if","locations":[{"start":{"line":44,"column":8},"end":{"line":46,"column":9}},{"start":{},"end":{}}],"line":44}},"s":{"0":1,"1":11,"2":11,"3":0,"4":11,"5":2,"6":2,"7":2,"8":1,"9":1,"10":11,"11":5,"12":2,"13":11},"f":{"0":11,"1":0,"2":2,"3":5},"b":{"0":[1,1],"1":[2,3]},"_coverageSchema":"1a1c01bbd47fc00a2c39e90264f33305004495a9","hash":"b8591488af5b3cfdf413bf752cf33b80a5f96c28"}
,"D:\\Study\\React\\travel-arency-react\\client\\src\\contexts\\authContext.jsx": {"path":"D:\\Study\\React\\travel-arency-react\\client\\src\\contexts\\authContext.jsx","statementMap":{"0":{"start":{"line":9,"column":20},"end":{"line":9,"column":35}},"1":{"start":{"line":11,"column":28},"end":{"line":81,"column":1}},"2":{"start":{"line":14,"column":21},"end":{"line":14,"column":34}},"3":{"start":{"line":15,"column":28},"end":{"line":15,"column":55}},"4":{"start":{"line":16,"column":30},"end":{"line":16,"column":44}},"5":{"start":{"line":18,"column":31},"end":{"line":34,"column":5}},"6":{"start":{"line":19,"column":32},"end":{"line":19,"column":57}},"7":{"start":{"line":20,"column":8},"end":{"line":23,"column":9}},"8":{"start":{"line":21,"column":12},"end":{"line":21,"column":38}},"9":{"start":{"line":22,"column":12},"end":{"line":22,"column":19}},"10":{"start":{"line":25,"column":8},"end":{"line":33,"column":9}},"11":{"start":{"line":26,"column":27},"end":{"line":26,"column":81}},"12":{"start":{"line":27,"column":12},"end":{"line":27,"column":28}},"13":{"start":{"line":28,"column":12},"end":{"line":28,"column":68}},"14":{"start":{"line":29,"column":12},"end":{"line":29,"column":27}},"15":{"start":{"line":30,"column":12},"end":{"line":30,"column":33}},"16":{"start":{"line":32,"column":12},"end":{"line":32,"column":52}},"17":{"start":{"line":36,"column":34},"end":{"line":52,"column":5}},"18":{"start":{"line":37,"column":32},"end":{"line":37,"column":64}},"19":{"start":{"line":38,"column":8},"end":{"line":41,"column":9}},"20":{"start":{"line":39,"column":12},"end":{"line":39,"column":38}},"21":{"start":{"line":40,"column":12},"end":{"line":40,"column":19}},"22":{"start":{"line":43,"column":8},"end":{"line":51,"column":9}},"23":{"start":{"line":44,"column":27},"end":{"line":44,"column":116}},"24":{"start":{"line":45,"column":12},"end":{"line":45,"column":28}},"25":{"start":{"line":46,"column":12},"end":{"line":46,"column":68}},"26":{"start":{"line":47,"column":12},"end":{"line":47,"column":27}},"27":{"start":{"line":48,"column":12},"end":{"line":48,"column":33}},"28":{"start":{"line":50,"column":12},"end":{"line":50,"column":55}},"29":{"start":{"line":54,"column":26},"end":{"line":58,"column":5}},"30":{"start":{"line":55,"column":8},"end":{"line":55,"column":20}},"31":{"start":{"line":56,"column":8},"end":{"line":56,"column":47}},"32":{"start":{"line":57,"column":8},"end":{"line":57,"column":29}},"33":{"start":{"line":60,"column":23},"end":{"line":62,"column":5}},"34":{"start":{"line":61,"column":8},"end":{"line":61,"column":23}},"35":{"start":{"line":64,"column":19},"end":{"line":75,"column":5}},"36":{"start":{"line":76,"column":4},"end":{"line":80,"column":5}}},"fnMap":{"0":{"name":"(anonymous_0)","decl":{"start":{"line":11,"column":28},"end":{"line":11,"column":29}},"loc":{"start":{"line":13,"column":6},"end":{"line":81,"column":1}},"line":13},"1":{"name":"(anonymous_1)","decl":{"start":{"line":18,"column":31},"end":{"line":18,"column":32}},"loc":{"start":{"line":18,"column":49},"end":{"line":34,"column":5}},"line":18},"2":{"name":"(anonymous_2)","decl":{"start":{"line":36,"column":34},"end":{"line":36,"column":35}},"loc":{"start":{"line":36,"column":52},"end":{"line":52,"column":5}},"line":36},"3":{"name":"(anonymous_3)","decl":{"start":{"line":54,"column":26},"end":{"line":54,"column":27}},"loc":{"start":{"line":54,"column":32},"end":{"line":58,"column":5}},"line":54},"4":{"name":"(anonymous_4)","decl":{"start":{"line":60,"column":23},"end":{"line":60,"column":24}},"loc":{"start":{"line":60,"column":29},"end":{"line":62,"column":5}},"line":60}},"branchMap":{"0":{"loc":{"start":{"line":20,"column":8},"end":{"line":23,"column":9}},"type":"if","locations":[{"start":{"line":20,"column":8},"end":{"line":23,"column":9}},{"start":{},"end":{}}],"line":20},"1":{"loc":{"start":{"line":38,"column":8},"end":{"line":41,"column":9}},"type":"if","locations":[{"start":{"line":38,"column":8},"end":{"line":41,"column":9}},{"start":{},"end":{}}],"line":38}},"s":{"0":1,"1":1,"2":0,"3":0,"4":0,"5":0,"6":0,"7":0,"8":0,"9":0,"10":0,"11":0,"12":0,"13":0,"14":0,"15":0,"16":0,"17":0,"18":0,"19":0,"20":0,"21":0,"22":0,"23":0,"24":0,"25":0,"26":0,"27":0,"28":0,"29":0,"30":0,"31":0,"32":0,"33":0,"34":0,"35":0,"36":0},"f":{"0":0,"1":0,"2":0,"3":0,"4":0},"b":{"0":[0,0],"1":[0,0]},"_coverageSchema":"1a1c01bbd47fc00a2c39e90264f33305004495a9","hash":"1b6e1cb13dbf1126adff4729e2e812a01aaa1dfe"}
,"D:\\Study\\React\\travel-arency-react\\client\\src\\hooks\\useForm.js": {"path":"D:\\Study\\React\\travel-arency-react\\client\\src\\hooks\\useForm.js","statementMap":{"0":{"start":{"line":4,"column":32},"end":{"line":4,"column":55}},"1":{"start":{"line":6,"column":21},"end":{"line":13,"column":5}},"2":{"start":{"line":7,"column":47},"end":{"line":7,"column":56}},"3":{"start":{"line":9,"column":8},"end":{"line":12,"column":12}},"4":{"start":{"line":9,"column":28},"end":{"line":12,"column":9}},"5":{"start":{"line":15,"column":21},"end":{"line":19,"column":5}},"6":{"start":{"line":16,"column":8},"end":{"line":16,"column":28}},"7":{"start":{"line":18,"column":8},"end":{"line":18,"column":30}},"8":{"start":{"line":21,"column":4},"end":{"line":25,"column":5}}},"fnMap":{"0":{"name":"useForm","decl":{"start":{"line":3,"column":16},"end":{"line":3,"column":23}},"loc":{"start":{"line":3,"column":54},"end":{"line":26,"column":1}},"line":3},"1":{"name":"(anonymous_1)","decl":{"start":{"line":6,"column":21},"end":{"line":6,"column":22}},"loc":{"start":{"line":6,"column":29},"end":{"line":13,"column":5}},"line":6},"2":{"name":"(anonymous_2)","decl":{"start":{"line":9,"column":18},"end":{"line":9,"column":19}},"loc":{"start":{"line":9,"column":28},"end":{"line":12,"column":9}},"line":9},"3":{"name":"(anonymous_3)","decl":{"start":{"line":15,"column":21},"end":{"line":15,"column":22}},"loc":{"start":{"line":15,"column":29},"end":{"line":19,"column":5}},"line":15}},"branchMap":{"0":{"loc":{"start":{"line":11,"column":20},"end":{"line":11,"column":57}},"type":"cond-expr","locations":[{"start":{"line":11,"column":42},"end":{"line":11,"column":49}},{"start":{"line":11,"column":52},"end":{"line":11,"column":57}}],"line":11}},"s":{"0":11,"1":11,"2":6,"3":6,"4":6,"5":11,"6":0,"7":0,"8":11},"f":{"0":11,"1":6,"2":6,"3":0},"b":{"0":[0,6]},"_coverageSchema":"1a1c01bbd47fc00a2c39e90264f33305004495a9","hash":"f2a5705ad3b7d4ca3a8acb9a4633643ca295026d"}
,"D:\\Study\\React\\travel-arency-react\\client\\src\\hooks\\useLocalStorage.js": {"path":"D:\\Study\\React\\travel-arency-react\\client\\src\\hooks\\useLocalStorage.js","statementMap":{"0":{"start":{"line":4,"column":30},"end":{"line":11,"column":6}},"1":{"start":{"line":5,"column":34},"end":{"line":5,"column":59}},"2":{"start":{"line":6,"column":8},"end":{"line":8,"column":9}},"3":{"start":{"line":7,"column":12},"end":{"line":7,"column":49}},"4":{"start":{"line":10,"column":8},"end":{"line":10,"column":28}},"5":{"start":{"line":13,"column":28},"end":{"line":24,"column":5}},"6":{"start":{"line":14,"column":8},"end":{"line":14,"column":24}},"7":{"start":{"line":17,"column":8},"end":{"line":21,"column":9}},"8":{"start":{"line":18,"column":12},"end":{"line":18,"column":59}},"9":{"start":{"line":20,"column":12},"end":{"line":20,"column":52}},"10":{"start":{"line":23,"column":8},"end":{"line":23,"column":51}},"11":{"start":{"line":26,"column":4},"end":{"line":29,"column":5}}},"fnMap":{"0":{"name":"useLocalStorage","decl":{"start":{"line":3,"column":9},"end":{"line":3,"column":24}},"loc":{"start":{"line":3,"column":44},"end":{"line":30,"column":1}},"line":3},"1":{"name":"(anonymous_1)","decl":{"start":{"line":4,"column":39},"end":{"line":4,"column":40}},"loc":{"start":{"line":4,"column":45},"end":{"line":11,"column":5}},"line":4},"2":{"name":"(anonymous_2)","decl":{"start":{"line":13,"column":28},"end":{"line":13,"column":29}},"loc":{"start":{"line":13,"column":39},"end":{"line":24,"column":5}},"line":13}},"branchMap":{"0":{"loc":{"start":{"line":6,"column":8},"end":{"line":8,"column":9}},"type":"if","locations":[{"start":{"line":6,"column":8},"end":{"line":8,"column":9}},{"start":{},"end":{}}],"line":6},"1":{"loc":{"start":{"line":17,"column":8},"end":{"line":21,"column":9}},"type":"if","locations":[{"start":{"line":17,"column":8},"end":{"line":21,"column":9}},{"start":{"line":19,"column":15},"end":{"line":21,"column":9}}],"line":17}},"s":{"0":0,"1":0,"2":0,"3":0,"4":0,"5":0,"6":0,"7":0,"8":0,"9":0,"10":0,"11":0},"f":{"0":0,"1":0,"2":0},"b":{"0":[0,0],"1":[0,0]},"_coverageSchema":"1a1c01bbd47fc00a2c39e90264f33305004495a9","hash":"96366f8118cdf89434a62b5c87f913f2f22c349b"}
,"D:\\Study\\React\\travel-arency-react\\client\\src\\lib\\request.js": {"path":"D:\\Study\\React\\travel-arency-react\\client\\src\\lib\\request.js","statementMap":{"0":{"start":{"line":1,"column":21},"end":{"line":21,"column":1}},"1":{"start":{"line":2,"column":20},"end":{"line":2,"column":22}},"2":{"start":{"line":4,"column":4},"end":{"line":9,"column":5}},"3":{"start":{"line":5,"column":8},"end":{"line":5,"column":44}},"4":{"start":{"line":6,"column":8},"end":{"line":8,"column":10}},"5":{"start":{"line":11,"column":18},"end":{"line":11,"column":53}},"6":{"start":{"line":13,"column":4},"end":{"line":18,"column":5}},"7":{"start":{"line":14,"column":8},"end":{"line":17,"column":10}},"8":{"start":{"line":20,"column":4},"end":{"line":20,"column":19}},"9":{"start":{"line":23,"column":16},"end":{"line":44,"column":1}},"10":{"start":{"line":24,"column":21},"end":{"line":27,"column":6}},"11":{"start":{"line":29,"column":4},"end":{"line":31,"column":5}},"12":{"start":{"line":30,"column":8},"end":{"line":30,"column":24}},"13":{"start":{"line":33,"column":19},"end":{"line":33,"column":40}},"14":{"start":{"line":35,"column":4},"end":{"line":41,"column":5}},"15":{"start":{"line":37,"column":8},"end":{"line":38,"column":9}},"16":{"start":{"line":40,"column":8},"end":{"line":40,"column":40}},"17":{"start":{"line":43,"column":4},"end":{"line":43,"column":18}},"18":{"start":{"line":46,"column":19},"end":{"line":46,"column":44}},"19":{"start":{"line":47,"column":20},"end":{"line":47,"column":46}},"20":{"start":{"line":48,"column":19},"end":{"line":48,"column":44}},"21":{"start":{"line":49,"column":22},"end":{"line":49,"column":50}},"22":{"start":{"line":50,"column":21},"end":{"line":50,"column":48}}},"fnMap":{"0":{"name":"(anonymous_0)","decl":{"start":{"line":1,"column":21},"end":{"line":1,"column":22}},"loc":{"start":{"line":1,"column":31},"end":{"line":21,"column":1}},"line":1},"1":{"name":"(anonymous_1)","decl":{"start":{"line":23,"column":16},"end":{"line":23,"column":17}},"loc":{"start":{"line":23,"column":45},"end":{"line":44,"column":1}},"line":23}},"branchMap":{"0":{"loc":{"start":{"line":4,"column":4},"end":{"line":9,"column":5}},"type":"if","locations":[{"start":{"line":4,"column":4},"end":{"line":9,"column":5}},{"start":{},"end":{}}],"line":4},"1":{"loc":{"start":{"line":13,"column":4},"end":{"line":18,"column":5}},"type":"if","locations":[{"start":{"line":13,"column":4},"end":{"line":18,"column":5}},{"start":{},"end":{}}],"line":13},"2":{"loc":{"start":{"line":29,"column":4},"end":{"line":31,"column":5}},"type":"if","locations":[{"start":{"line":29,"column":4},"end":{"line":31,"column":5}},{"start":{},"end":{}}],"line":29},"3":{"loc":{"start":{"line":35,"column":4},"end":{"line":41,"column":5}},"type":"if","locations":[{"start":{"line":35,"column":4},"end":{"line":41,"column":5}},{"start":{},"end":{}}],"line":35},"4":{"loc":{"start":{"line":37,"column":8},"end":{"line":38,"column":9}},"type":"if","locations":[{"start":{"line":37,"column":8},"end":{"line":38,"column":9}},{"start":{},"end":{}}],"line":37}},"s":{"0":1,"1":0,"2":0,"3":0,"4":0,"5":0,"6":0,"7":0,"8":0,"9":1,"10":0,"11":0,"12":0,"13":0,"14":0,"15":0,"16":0,"17":0,"18":1,"19":1,"20":1,"21":1,"22":1},"f":{"0":0,"1":0},"b":{"0":[0,0],"1":[0,0],"2":[0,0],"3":[0,0],"4":[0,0]},"_coverageSchema":"1a1c01bbd47fc00a2c39e90264f33305004495a9","hash":"ce00d2e4b1a2bf5ff6292fe5577255094e13455a"}
,"D:\\Study\\React\\travel-arency-react\\client\\src\\services\\userService.js": {"path":"D:\\Study\\React\\travel-arency-react\\client\\src\\services\\userService.js","statementMap":{"0":{"start":{"line":3,"column":16},"end":{"line":3,"column":45}},"1":{"start":{"line":6,"column":21},"end":{"line":13,"column":1}},"2":{"start":{"line":7,"column":19},"end":{"line":10,"column":6}},"3":{"start":{"line":12,"column":4},"end":{"line":12,"column":18}},"4":{"start":{"line":15,"column":24},"end":{"line":25,"column":1}},"5":{"start":{"line":16,"column":19},"end":{"line":22,"column":6}},"6":{"start":{"line":24,"column":4},"end":{"line":24,"column":18}},"7":{"start":{"line":27,"column":22},"end":{"line":29,"column":1}},"8":{"start":{"line":28,"column":4},"end":{"line":28,"column":46}},"9":{"start":{"line":31,"column":23},"end":{"line":34,"column":1}},"10":{"start":{"line":32,"column":19},"end":{"line":32,"column":56}},"11":{"start":{"line":33,"column":4},"end":{"line":33,"column":18}}},"fnMap":{"0":{"name":"(anonymous_0)","decl":{"start":{"line":6,"column":21},"end":{"line":6,"column":22}},"loc":{"start":{"line":6,"column":48},"end":{"line":13,"column":1}},"line":6},"1":{"name":"(anonymous_1)","decl":{"start":{"line":15,"column":24},"end":{"line":15,"column":25}},"loc":{"start":{"line":15,"column":69},"end":{"line":25,"column":1}},"line":15},"2":{"name":"(anonymous_2)","decl":{"start":{"line":27,"column":22},"end":{"line":27,"column":23}},"loc":{"start":{"line":27,"column":34},"end":{"line":29,"column":1}},"line":27},"3":{"name":"(anonymous_3)","decl":{"start":{"line":31,"column":23},"end":{"line":31,"column":24}},"loc":{"start":{"line":31,"column":35},"end":{"line":34,"column":1}},"line":31}},"branchMap":{},"s":{"0":1,"1":1,"2":0,"3":0,"4":1,"5":0,"6":0,"7":1,"8":0,"9":1,"10":0,"11":0},"f":{"0":0,"1":0,"2":0,"3":0},"b":{},"_coverageSchema":"1a1c01bbd47fc00a2c39e90264f33305004495a9","hash":"5db660f03be0705a69736d0184d50db815787cc5"}
,"D:\\Study\\React\\travel-arency-react\\client\\src\\utils\\Arrays.js": {"path":"D:\\Study\\React\\travel-arency-react\\client\\src\\utils\\Arrays.js","statementMap":{"0":{"start":{"line":1,"column":26},"end":{"line":16,"column":1}},"1":{"start":{"line":2,"column":4},"end":{"line":4,"column":5}},"2":{"start":{"line":3,"column":8},"end":{"line":3,"column":18}},"3":{"start":{"line":6,"column":4},"end":{"line":8,"column":5}},"4":{"start":{"line":7,"column":8},"end":{"line":7,"column":21}},"5":{"start":{"line":10,"column":19},"end":{"line":10,"column":21}},"6":{"start":{"line":11,"column":4},"end":{"line":13,"column":5}},"7":{"start":{"line":11,"column":17},"end":{"line":11,"column":18}},"8":{"start":{"line":12,"column":8},"end":{"line":12,"column":51}},"9":{"start":{"line":15,"column":4},"end":{"line":15,"column":18}}},"fnMap":{"0":{"name":"(anonymous_0)","decl":{"start":{"line":1,"column":26},"end":{"line":1,"column":27}},"loc":{"start":{"line":1,"column":48},"end":{"line":16,"column":1}},"line":1}},"branchMap":{"0":{"loc":{"start":{"line":2,"column":4},"end":{"line":4,"column":5}},"type":"if","locations":[{"start":{"line":2,"column":4},"end":{"line":4,"column":5}},{"start":{},"end":{}}],"line":2},"1":{"loc":{"start":{"line":6,"column":4},"end":{"line":8,"column":5}},"type":"if","locations":[{"start":{"line":6,"column":4},"end":{"line":8,"column":5}},{"start":{},"end":{}}],"line":6}},"s":{"0":1,"1":13,"2":4,"3":9,"4":3,"5":6,"6":6,"7":6,"8":11,"9":6},"f":{"0":13},"b":{"0":[4,9],"1":[3,6]},"_coverageSchema":"1a1c01bbd47fc00a2c39e90264f33305004495a9","hash":"5d499c59c3d8b45552f16ef5228d4581ff600711"}
,"D:\\Study\\React\\travel-arency-react\\client\\src\\utils\\DateTimeUtils.js": {"path":"D:\\Study\\React\\travel-arency-react\\client\\src\\utils\\DateTimeUtils.js","statementMap":{"0":{"start":{"line":1,"column":26},"end":{"line":13,"column":1}},"1":{"start":{"line":2,"column":17},"end":{"line":2,"column":36}},"2":{"start":{"line":4,"column":16},"end":{"line":4,"column":55}},"3":{"start":{"line":5,"column":18},"end":{"line":5,"column":62}},"4":{"start":{"line":6,"column":17},"end":{"line":6,"column":35}},"5":{"start":{"line":8,"column":18},"end":{"line":8,"column":58}},"6":{"start":{"line":9,"column":20},"end":{"line":9,"column":62}},"7":{"start":{"line":10,"column":20},"end":{"line":10,"column":62}},"8":{"start":{"line":12,"column":4},"end":{"line":12,"column":68}}},"fnMap":{"0":{"name":"(anonymous_0)","decl":{"start":{"line":1,"column":26},"end":{"line":1,"column":27}},"loc":{"start":{"line":1,"column":41},"end":{"line":13,"column":1}},"line":1}},"branchMap":{},"s":{"0":1,"1":4,"2":4,"3":4,"4":4,"5":4,"6":4,"7":4,"8":4},"f":{"0":4},"b":{},"_coverageSchema":"1a1c01bbd47fc00a2c39e90264f33305004495a9","hash":"0ff4dcfc215631875dd426b5ce2ea109414127a3"}
,"D:\\Study\\React\\travel-arency-react\\client\\src\\utils\\Paths.js": {"path":"D:\\Study\\React\\travel-arency-react\\client\\src\\utils\\Paths.js","statementMap":{"0":{"start":{"line":1,"column":21},"end":{"line":26,"column":1}}},"fnMap":{},"branchMap":{},"s":{"0":1},"f":{},"b":{},"_coverageSchema":"1a1c01bbd47fc00a2c39e90264f33305004495a9","hash":"fe0424f7826c1dac5529e31018f9c3f95e008148"}
,"D:\\Study\\React\\travel-arency-react\\client\\src\\utils\\Validators.js": {"path":"D:\\Study\\React\\travel-arency-react\\client\\src\\utils\\Validators.js","statementMap":{"0":{"start":{"line":1,"column":40},"end":{"line":17,"column":1}},"1":{"start":{"line":2,"column":4},"end":{"line":8,"column":5}},"2":{"start":{"line":7,"column":8},"end":{"line":7,"column":42}},"3":{"start":{"line":9,"column":4},"end":{"line":11,"column":5}},"4":{"start":{"line":10,"column":8},"end":{"line":10,"column":41}},"5":{"start":{"line":12,"column":4},"end":{"line":14,"column":5}},"6":{"start":{"line":13,"column":8},"end":{"line":13,"column":62}},"7":{"start":{"line":16,"column":4},"end":{"line":16,"column":16}},"8":{"start":{"line":19,"column":33},"end":{"line":27,"column":1}},"9":{"start":{"line":20,"column":4},"end":{"line":22,"column":5}},"10":{"start":{"line":21,"column":8},"end":{"line":21,"column":50}},"11":{"start":{"line":23,"column":4},"end":{"line":25,"column":5}},"12":{"start":{"line":24,"column":8},"end":{"line":24,"column":62}},"13":{"start":{"line":26,"column":4},"end":{"line":26,"column":16}},"14":{"start":{"line":29,"column":34},"end":{"line":40,"column":1}},"15":{"start":{"line":30,"column":28},"end":{"line":30,"column":34}},"16":{"start":{"line":31,"column":19},"end":{"line":31,"column":21}},"17":{"start":{"line":33,"column":4},"end":{"line":37,"column":5}},"18":{"start":{"line":34,"column":8},"end":{"line":34,"column":42}},"19":{"start":{"line":35,"column":11},"end":{"line":37,"column":5}},"20":{"start":{"line":36,"column":8},"end":{"line":36,"column":41}},"21":{"start":{"line":39,"column":4},"end":{"line":39,"column":18}},"22":{"start":{"line":42,"column":35},"end":{"line":65,"column":1}},"23":{"start":{"line":43,"column":46},"end":{"line":43,"column":52}},"24":{"start":{"line":44,"column":19},"end":{"line":44,"column":21}},"25":{"start":{"line":46,"column":4},"end":{"line":48,"column":5}},"26":{"start":{"line":47,"column":9},"end":{"line":47,"column":58}},"27":{"start":{"line":50,"column":4},"end":{"line":52,"column":5}},"28":{"start":{"line":51,"column":8},"end":{"line":51,"column":60}},"29":{"start":{"line":54,"column":4},"end":{"line":56,"column":5}},"30":{"start":{"line":55,"column":8},"end":{"line":55,"column":60}},"31":{"start":{"line":58,"column":4},"end":{"line":62,"column":5}},"32":{"start":{"line":59,"column":8},"end":{"line":59,"column":58}},"33":{"start":{"line":60,"column":11},"end":{"line":62,"column":5}},"34":{"start":{"line":61,"column":8},"end":{"line":61,"column":57}},"35":{"start":{"line":64,"column":4},"end":{"line":64,"column":18}},"36":{"start":{"line":67,"column":45},"end":{"line":90,"column":1}},"37":{"start":{"line":68,"column":51},"end":{"line":68,"column":57}},"38":{"start":{"line":69,"column":19},"end":{"line":69,"column":21}},"39":{"start":{"line":71,"column":4},"end":{"line":73,"column":5}},"40":{"start":{"line":72,"column":8},"end":{"line":72,"column":42}},"41":{"start":{"line":75,"column":4},"end":{"line":77,"column":5}},"42":{"start":{"line":76,"column":8},"end":{"line":76,"column":45}},"43":{"start":{"line":79,"column":4},"end":{"line":81,"column":5}},"44":{"start":{"line":80,"column":8},"end":{"line":80,"column":44}},"45":{"start":{"line":83,"column":4},"end":{"line":87,"column":5}},"46":{"start":{"line":84,"column":8},"end":{"line":84,"column":45}},"47":{"start":{"line":85,"column":11},"end":{"line":87,"column":5}},"48":{"start":{"line":86,"column":8},"end":{"line":86,"column":44}},"49":{"start":{"line":89,"column":4},"end":{"line":89,"column":18}},"50":{"start":{"line":92,"column":41},"end":{"line":128,"column":1}},"51":{"start":{"line":93,"column":19},"end":{"line":93,"column":21}},"52":{"start":{"line":95,"column":4},"end":{"line":97,"column":5}},"53":{"start":{"line":96,"column":9},"end":{"line":96,"column":43}},"54":{"start":{"line":99,"column":4},"end":{"line":101,"column":5}},"55":{"start":{"line":100,"column":8},"end":{"line":100,"column":45}},"56":{"start":{"line":103,"column":4},"end":{"line":107,"column":5}},"57":{"start":{"line":104,"column":8},"end":{"line":104,"column":51}},"58":{"start":{"line":105,"column":11},"end":{"line":107,"column":5}},"59":{"start":{"line":106,"column":8},"end":{"line":106,"column":50}},"60":{"start":{"line":109,"column":4},"end":{"line":113,"column":5}},"61":{"start":{"line":110,"column":8},"end":{"line":110,"column":42}},"62":{"start":{"line":111,"column":11},"end":{"line":113,"column":5}},"63":{"start":{"line":112,"column":8},"end":{"line":112,"column":41}},"64":{"start":{"line":115,"column":4},"end":{"line":117,"column":5}},"65":{"start":{"line":116,"column":8},"end":{"line":116,"column":48}},"66":{"start":{"line":119,"column":4},"end":{"line":121,"column":5}},"67":{"start":{"line":120,"column":8},"end":{"line":120,"column":42}},"68":{"start":{"line":123,"column":4},"end":{"line":125,"column":5}},"69":{"start":{"line":124,"column":8},"end":{"line":124,"column":44}},"70":{"start":{"line":127,"column":4},"end":{"line":127,"column":18}}},"fnMap":{"0":{"name":"(anonymous_0)","decl":{"start":{"line":1,"column":40},"end":{"line":1,"column":41}},"loc":{"start":{"line":1,"column":52},"end":{"line":17,"column":1}},"line":1},"1":{"name":"(anonymous_1)","decl":{"start":{"line":19,"column":33},"end":{"line":19,"column":34}},"loc":{"start":{"line":19,"column":45},"end":{"line":27,"column":1}},"line":19},"2":{"name":"(anonymous_2)","decl":{"start":{"line":29,"column":34},"end":{"line":29,"column":35}},"loc":{"start":{"line":29,"column":46},"end":{"line":40,"column":1}},"line":29},"3":{"name":"(anonymous_3)","decl":{"start":{"line":42,"column":35},"end":{"line":42,"column":36}},"loc":{"start":{"line":42,"column":47},"end":{"line":65,"column":1}},"line":42},"4":{"name":"(anonymous_4)","decl":{"start":{"line":67,"column":45},"end":{"line":67,"column":46}},"loc":{"start":{"line":67,"column":57},"end":{"line":90,"column":1}},"line":67},"5":{"name":"(anonymous_5)","decl":{"start":{"line":92,"column":41},"end":{"line":92,"column":42}},"loc":{"start":{"line":92,"column":53},"end":{"line":128,"column":1}},"line":92}},"branchMap":{"0":{"loc":{"start":{"line":2,"column":4},"end":{"line":8,"column":5}},"type":"if","locations":[{"start":{"line":2,"column":4},"end":{"line":8,"column":5}},{"start":{},"end":{}}],"line":2},"1":{"loc":{"start":{"line":2,"column":8},"end":{"line":6,"column":25}},"type":"binary-expr","locations":[{"start":{"line":2,"column":8},"end":{"line":2,"column":21}},{"start":{"line":3,"column":11},"end":{"line":3,"column":27}},{"start":{"line":4,"column":11},"end":{"line":4,"column":34}},{"start":{"line":5,"column":11},"end":{"line":5,"column":27}},{"start":{"line":6,"column":11},"end":{"line":6,"column":25}}],"line":2},"2":{"loc":{"start":{"line":9,"column":4},"end":{"line":11,"column":5}},"type":"if","locations":[{"start":{"line":9,"column":4},"end":{"line":11,"column":5}},{"start":{},"end":{}}],"line":9},"3":{"loc":{"start":{"line":12,"column":4},"end":{"line":14,"column":5}},"type":"if","locations":[{"start":{"line":12,"column":4},"end":{"line":14,"column":5}},{"start":{},"end":{}}],"line":12},"4":{"loc":{"start":{"line":20,"column":4},"end":{"line":22,"column":5}},"type":"if","locations":[{"start":{"line":20,"column":4},"end":{"line":22,"column":5}},{"start":{},"end":{}}],"line":20},"5":{"loc":{"start":{"line":20,"column":8},"end":{"line":20,"column":41}},"type":"binary-expr","locations":[{"start":{"line":20,"column":8},"end":{"line":20,"column":21}},{"start":{"line":20,"column":25},"end":{"line":20,"column":41}}],"line":20},"6":{"loc":{"start":{"line":23,"column":4},"end":{"line":25,"column":5}},"type":"if","locations":[{"start":{"line":23,"column":4},"end":{"line":25,"column":5}},{"start":{},"end":{}}],"line":23},"7":{"loc":{"start":{"line":33,"column":4},"end":{"line":37,"column":5}},"type":"if","locations":[{"start":{"line":33,"column":4},"end":{"line":37,"column":5}},{"start":{"line":35,"column":11},"end":{"line":37,"column":5}}],"line":33},"8":{"loc":{"start":{"line":35,"column":11},"end":{"line":37,"column":5}},"type":"if","locations":[{"start":{"line":35,"column":11},"end":{"line":37,"column":5}},{"start":{},"end":{}}],"line":35},"9":{"loc":{"start":{"line":46,"column":4},"end":{"line":48,"column":5}},"type":"if","locations":[{"start":{"line":46,"column":4},"end":{"line":48,"column":5}},{"start":{},"end":{}}],"line":46},"10":{"loc":{"start":{"line":50,"column":4},"end":{"line":52,"column":5}},"type":"if","locations":[{"start":{"line":50,"column":4},"end":{"line":52,"column":5}},{"start":{},"end":{}}],"line":50},"11":{"loc":{"start":{"line":54,"column":4},"end":{"line":56,"column":5}},"type":"if","locations":[{"start":{"line":54,"column":4},"end":{"line":56,"column":5}},{"start":{},"end":{}}],"line":54},"12":{"loc":{"start":{"line":58,"column":4},"end":{"line":62,"column":5}},"type":"if","locations":[{"start":{"line":58,"column":4},"end":{"line":62,"column":5}},{"start":{"line":60,"column":11},"end":{"line":62,"column":5}}],"line":58},"13":{"loc":{"start":{"line":60,"column":11},"end":{"line":62,"column":5}},"type":"if","locations":[{"start":{"line":60,"column":11},"end":{"line":62,"column":5}},{"start":{},"end":{}}],"line":60},"14":{"loc":{"start":{"line":71,"column":4},"end":{"line":73,"column":5}},"type":"if","locations":[{"start":{"line":71,"column":4},"end":{"line":73,"column":5}},{"start":{},"end":{}}],"line":71},"15":{"loc":{"start":{"line":75,"column":4},"end":{"line":77,"column":5}},"type":"if","locations":[{"start":{"line":75,"column":4},"end":{"line":77,"column":5}},{"start":{},"end":{}}],"line":75},"16":{"loc":{"start":{"line":79,"column":4},"end":{"line":81,"column":5}},"type":"if","locations":[{"start":{"line":79,"column":4},"end":{"line":81,"column":5}},{"start":{},"end":{}}],"line":79},"17":{"loc":{"start":{"line":83,"column":4},"end":{"line":87,"column":5}},"type":"if","locations":[{"start":{"line":83,"column":4},"end":{"line":87,"column":5}},{"start":{"line":85,"column":11},"end":{"line":87,"column":5}}],"line":83},"18":{"loc":{"start":{"line":85,"column":11},"end":{"line":87,"column":5}},"type":"if","locations":[{"start":{"line":85,"column":11},"end":{"line":87,"column":5}},{"start":{},"end":{}}],"line":85},"19":{"loc":{"start":{"line":85,"column":15},"end":{"line":85,"column":56}},"type":"binary-expr","locations":[{"start":{"line":85,"column":15},"end":{"line":85,"column":30}},{"start":{"line":85,"column":34},"end":{"line":85,"column":56}}],"line":85},"20":{"loc":{"start":{"line":95,"column":4},"end":{"line":97,"column":5}},"type":"if","locations":[{"start":{"line":95,"column":4},"end":{"line":97,"column":5}},{"start":{},"end":{}}],"line":95},"21":{"loc":{"start":{"line":99,"column":4},"end":{"line":101,"column":5}},"type":"if","locations":[{"start":{"line":99,"column":4},"end":{"line":101,"column":5}},{"start":{},"end":{}}],"line":99},"22":{"loc":{"start":{"line":103,"column":4},"end":{"line":107,"column":5}},"type":"if","locations":[{"start":{"line":103,"column":4},"end":{"line":107,"column":5}},{"start":{"line":105,"column":11},"end":{"line":107,"column":5}}],"line":103},"23":{"loc":{"start":{"line":105,"column":11},"end":{"line":107,"column":5}},"type":"if","locations":[{"start":{"line":105,"column":11},"end":{"line":107,"column":5}},{"start":{},"end":{}}],"line":105},"24":{"loc":{"start":{"line":105,"column":15},"end":{"line":105,"column":68}},"type":"binary-expr","locations":[{"start":{"line":105,"column":15},"end":{"line":105,"column":36}},{"start":{"line":105,"column":40},"end":{"line":105,"column":68}}],"line":105},"25":{"loc":{"start":{"line":109,"column":4},"end":{"line":113,"column":5}},"type":"if","locations":[{"start":{"line":109,"column":4},"end":{"line":113,"column":5}},{"start":{"line":111,"column":11},"end":{"line":113,"column":5}}],"line":109},"26":{"loc":{"start":{"line":111,"column":11},"end":{"line":113,"column":5}},"type":"if","locations":[{"start":{"line":111,"column":11},"end":{"line":113,"column":5}},{"start":{},"end":{}}],"line":111},"27":{"loc":{"start":{"line":111,"column":15},"end":{"line":111,"column":64}},"type":"binary-expr","locations":[{"start":{"line":111,"column":15},"end":{"line":111,"column":34}},{"start":{"line":111,"column":38},"end":{"line":111,"column":64}}],"line":111},"28":{"loc":{"start":{"line":115,"column":4},"end":{"line":117,"column":5}},"type":"if","locations":[{"start":{"line":115,"column":4},"end":{"line":117,"column":5}},{"start":{},"end":{}}],"line":115},"29":{"loc":{"start":{"line":119,"column":4},"end":{"line":121,"column":5}},"type":"if","locations":[{"start":{"line":119,"column":4},"end":{"line":121,"column":5}},{"start":{},"end":{}}],"line":119},"30":{"loc":{"start":{"line":123,"column":4},"end":{"line":125,"column":5}},"type":"if","locations":[{"start":{"line":123,"column":4},"end":{"line":125,"column":5}},{"start":{},"end":{}}],"line":123}},"s":{"0":2,"1":8,"2":5,"3":3,"4":1,"5":2,"6":1,"7":1,"8":2,"9":5,"10":3,"11":2,"12":1,"13":1,"14":2,"15":5,"16":5,"17":5,"18":2,"19":3,"20":2,"21":5,"22":2,"23":7,"24":7,"25":7,"26":2,"27":7,"28":2,"29":7,"30":2,"31":7,"32":1,"33":6,"34":2,"35":7,"36":2,"37":7,"38":7,"39":7,"40":2,"41":7,"42":2,"43":7,"44":2,"45":7,"46":1,"47":6,"48":2,"49":7,"50":2,"51":11,"52":11,"53":2,"54":11,"55":2,"56":11,"57":1,"58":10,"59":2,"60":11,"61":1,"62":10,"63":2,"64":11,"65":2,"66":11,"67":2,"68":11,"69":2,"70":11},"f":{"0":8,"1":5,"2":5,"3":7,"4":7,"5":11},"b":{"0":[5,3],"1":[8,7,6,5,4],"2":[1,2],"3":[1,1],"4":[3,2],"5":[5,3],"6":[1,1],"7":[2,3],"8":[2,1],"9":[2,5],"10":[2,5],"11":[2,5],"12":[1,6],"13":[2,4],"14":[2,5],"15":[2,5],"16":[2,5],"17":[1,6],"18":[2,4],"19":[6,4],"20":[2,9],"21":[2,9],"22":[1,10],"23":[2,8],"24":[10,8],"25":[1,10],"26":[2,8],"27":[10,8],"28":[2,9],"29":[2,9],"30":[2,9]},"_coverageSchema":"1a1c01bbd47fc00a2c39e90264f33305004495a9","hash":"1af1522e1f3cf1a997c4b8401fc741b10d6be4eb"}
}
