TN:
SF:src\components\home\Home.jsx
FN:1,Home
FNF:1
FNH:1
FNDA:1,Home
DA:2,1
LF:1
LH:1
BRF:0
BRH:0
end_of_record
TN:
SF:src\components\login\Login.jsx
FN:14,Login
FN:22,(anonymous_1)
FN:29,(anonymous_2)
FN:43,(anonymous_3)
FNF:4
FNH:3
FNDA:11,Login
FNDA:0,(anonymous_1)
FNDA:2,(anonymous_2)
FNDA:5,(anonymous_3)
DA:9,1
DA:20,11
DA:22,11
DA:23,0
DA:29,11
DA:30,2
DA:31,2
DA:32,2
DA:33,1
DA:34,1
DA:43,11
DA:44,5
DA:45,2
DA:49,11
LF:14
LH:13
BRDA:32,0,0,1
BRDA:32,0,1,1
BRDA:44,1,0,2
BRDA:44,1,1,3
BRF:4
BRH:4
end_of_record
TN:
SF:src\contexts\authContext.jsx
FN:11,(anonymous_0)
FN:18,(anonymous_1)
FN:36,(anonymous_2)
FN:54,(anonymous_3)
FN:60,(anonymous_4)
FNF:5
FNH:0
FNDA:0,(anonymous_0)
FNDA:0,(anonymous_1)
FNDA:0,(anonymous_2)
FNDA:0,(anonymous_3)
FNDA:0,(anonymous_4)
DA:9,1
DA:11,1
DA:14,0
DA:15,0
DA:16,0
DA:18,0
DA:19,0
DA:20,0
DA:21,0
DA:22,0
DA:25,0
DA:26,0
DA:27,0
DA:28,0
DA:29,0
DA:30,0
DA:32,0
DA:36,0
DA:37,0
DA:38,0
DA:39,0
DA:40,0
DA:43,0
DA:44,0
DA:45,0
DA:46,0
DA:47,0
DA:48,0
DA:50,0
DA:54,0
DA:55,0
DA:56,0
DA:57,0
DA:60,0
DA:61,0
DA:64,0
DA:76,0
LF:37
LH:2
BRDA:20,0,0,0
BRDA:20,0,1,0
BRDA:38,1,0,0
BRDA:38,1,1,0
BRF:4
BRH:0
end_of_record
TN:
SF:src\hooks\useForm.js
FN:3,useForm
FN:6,(anonymous_1)
FN:9,(anonymous_2)
FN:15,(anonymous_3)
FNF:4
FNH:3
FNDA:11,useForm
FNDA:6,(anonymous_1)
FNDA:6,(anonymous_2)
FNDA:0,(anonymous_3)
DA:4,11
DA:6,11
DA:7,6
DA:9,6
DA:15,11
DA:16,0
DA:18,0
DA:21,11
LF:8
LH:6
BRDA:11,0,0,0
BRDA:11,0,1,6
BRF:2
BRH:1
end_of_record
TN:
SF:src\hooks\useLocalStorage.js
FN:3,useLocalStorage
FN:4,(anonymous_1)
FN:13,(anonymous_2)
FNF:3
FNH:0
FNDA:0,useLocalStorage
FNDA:0,(anonymous_1)
FNDA:0,(anonymous_2)
DA:4,0
DA:5,0
DA:6,0
DA:7,0
DA:10,0
DA:13,0
DA:14,0
DA:17,0
DA:18,0
DA:20,0
DA:23,0
DA:26,0
LF:12
LH:0
BRDA:6,0,0,0
BRDA:6,0,1,0
BRDA:17,1,0,0
BRDA:17,1,1,0
BRF:4
BRH:0
end_of_record
TN:
SF:src\lib\request.js
FN:1,(anonymous_0)
FN:23,(anonymous_1)
FNF:2
FNH:0
FNDA:0,(anonymous_0)
FNDA:0,(anonymous_1)
DA:1,1
DA:2,0
DA:4,0
DA:5,0
DA:6,0
DA:11,0
DA:13,0
DA:14,0
DA:20,0
DA:23,1
DA:24,0
DA:29,0
DA:30,0
DA:33,0
DA:35,0
DA:37,0
DA:40,0
DA:43,0
DA:46,1
DA:47,1
DA:48,1
DA:49,1
DA:50,1
LF:23
LH:7
BRDA:4,0,0,0
BRDA:4,0,1,0
BRDA:13,1,0,0
BRDA:13,1,1,0
BRDA:29,2,0,0
BRDA:29,2,1,0
BRDA:35,3,0,0
BRDA:35,3,1,0
BRDA:37,4,0,0
BRDA:37,4,1,0
BRF:10
BRH:0
end_of_record
TN:
SF:src\services\userService.js
FN:6,(anonymous_0)
FN:15,(anonymous_1)
FN:27,(anonymous_2)
FN:31,(anonymous_3)
FNF:4
FNH:0
FNDA:0,(anonymous_0)
FNDA:0,(anonymous_1)
FNDA:0,(anonymous_2)
FNDA:0,(anonymous_3)
DA:3,1
DA:6,1
DA:7,0
DA:12,0
DA:15,1
DA:16,0
DA:24,0
DA:27,1
DA:28,0
DA:31,1
DA:32,0
DA:33,0
LF:12
LH:5
BRF:0
BRH:0
end_of_record
TN:
SF:src\utils\Arrays.js
FN:1,(anonymous_0)
FNF:1
FNH:1
FNDA:13,(anonymous_0)
DA:1,1
DA:2,13
DA:3,4
DA:6,9
DA:7,3
DA:10,6
DA:11,6
DA:12,11
DA:15,6
LF:9
LH:9
BRDA:2,0,0,4
BRDA:2,0,1,9
BRDA:6,1,0,3
BRDA:6,1,1,6
BRF:4
BRH:4
end_of_record
TN:
SF:src\utils\DateTimeUtils.js
FN:1,(anonymous_0)
FNF:1
FNH:1
FNDA:4,(anonymous_0)
DA:1,1
DA:2,4
DA:4,4
DA:5,4
DA:6,4
DA:8,4
DA:9,4
DA:10,4
DA:12,4
LF:9
LH:9
BRF:0
BRH:0
end_of_record
TN:
SF:src\utils\Paths.js
FNF:0
FNH:0
DA:1,1
LF:1
LH:1
BRF:0
BRH:0
end_of_record
TN:
SF:src\utils\Validators.js
FN:1,(anonymous_0)
FN:19,(anonymous_1)
FN:29,(anonymous_2)
FN:42,(anonymous_3)
FN:67,(anonymous_4)
FN:92,(anonymous_5)
FNF:6
FNH:6
FNDA:8,(anonymous_0)
FNDA:5,(anonymous_1)
FNDA:5,(anonymous_2)
FNDA:7,(anonymous_3)
FNDA:7,(anonymous_4)
FNDA:11,(anonymous_5)
DA:1,2
DA:2,8
DA:7,5
DA:9,3
DA:10,1
DA:12,2
DA:13,1
DA:16,1
DA:19,2
DA:20,5
DA:21,3
DA:23,2
DA:24,1
DA:26,1
DA:29,2
DA:30,5
DA:31,5
DA:33,5
DA:34,2
DA:35,3
DA:36,2
DA:39,5
DA:42,2
DA:43,7
DA:44,7
DA:46,7
DA:47,2
DA:50,7
DA:51,2
DA:54,7
DA:55,2
DA:58,7
DA:59,1
DA:60,6
DA:61,2
DA:64,7
DA:67,2
DA:68,7
DA:69,7
DA:71,7
DA:72,2
DA:75,7
DA:76,2
DA:79,7
DA:80,2
DA:83,7
DA:84,1
DA:85,6
DA:86,2
DA:89,7
DA:92,2
DA:93,11
DA:95,11
DA:96,2
DA:99,11
DA:100,2
DA:103,11
DA:104,1
DA:105,10
DA:106,2
DA:109,11
DA:110,1
DA:111,10
DA:112,2
DA:115,11
DA:116,2
DA:119,11
DA:120,2
DA:123,11
DA:124,2
DA:127,11
LF:71
LH:71
BRDA:2,0,0,5
BRDA:2,0,1,3
BRDA:2,1,0,8
BRDA:2,1,1,7
BRDA:2,1,2,6
BRDA:2,1,3,5
BRDA:2,1,4,4
BRDA:9,2,0,1
BRDA:9,2,1,2
BRDA:12,3,0,1
BRDA:12,3,1,1
BRDA:20,4,0,3
BRDA:20,4,1,2
BRDA:20,5,0,5
BRDA:20,5,1,3
BRDA:23,6,0,1
BRDA:23,6,1,1
BRDA:33,7,0,2
BRDA:33,7,1,3
BRDA:35,8,0,2
BRDA:35,8,1,1
BRDA:46,9,0,2
BRDA:46,9,1,5
BRDA:50,10,0,2
BRDA:50,10,1,5
BRDA:54,11,0,2
BRDA:54,11,1,5
BRDA:58,12,0,1
BRDA:58,12,1,6
BRDA:60,13,0,2
BRDA:60,13,1,4
BRDA:71,14,0,2
BRDA:71,14,1,5
BRDA:75,15,0,2
BRDA:75,15,1,5
BRDA:79,16,0,2
BRDA:79,16,1,5
BRDA:83,17,0,1
BRDA:83,17,1,6
BRDA:85,18,0,2
BRDA:85,18,1,4
BRDA:85,19,0,6
BRDA:85,19,1,4
BRDA:95,20,0,2
BRDA:95,20,1,9
BRDA:99,21,0,2
BRDA:99,21,1,9
BRDA:103,22,0,1
BRDA:103,22,1,10
BRDA:105,23,0,2
BRDA:105,23,1,8
BRDA:105,24,0,10
BRDA:105,24,1,8
BRDA:109,25,0,1
BRDA:109,25,1,10
BRDA:111,26,0,2
BRDA:111,26,1,8
BRDA:111,27,0,10
BRDA:111,27,1,8
BRDA:115,28,0,2
BRDA:115,28,1,9
BRDA:119,29,0,2
BRDA:119,29,1,9
BRDA:123,30,0,2
BRDA:123,30,1,9
BRF:65
BRH:65
end_of_record
